c:\users\vincent\desktop\directx9 framework\d9framework - 26 more tidy up\d9framework\debug\vc140.pdb
c:\users\vincent\desktop\directx9 framework\d9framework - 26 more tidy up\d9framework\debug\vc140.idb
c:\users\vincent\desktop\directx9 framework\d9framework - 26 more tidy up\d9framework\debug\aabb.obj
c:\users\vincent\desktop\directx9 framework\d9framework - 26 more tidy up\d9framework\debug\basecamera.obj
c:\users\vincent\desktop\directx9 framework\d9framework - 26 more tidy up\d9framework\debug\cameracontroller.obj
c:\users\vincent\desktop\directx9 framework\d9framework - 26 more tidy up\d9framework\debug\frustum.obj
c:\users\vincent\desktop\directx9 framework\d9framework - 26 more tidy up\d9framework\debug\gamestate.obj
c:\users\vincent\desktop\directx9 framework\d9framework - 26 more tidy up\d9framework\debug\gamestatemanager.obj
c:\users\vincent\desktop\directx9 framework\d9framework - 26 more tidy up\d9framework\debug\directxdevice.obj
c:\users\vincent\desktop\directx9 framework\d9framework - 26 more tidy up\d9framework\debug\game.obj
c:\users\vincent\desktop\directx9 framework\d9framework - 26 more tidy up\d9framework\debug\material.obj
c:\users\vincent\desktop\directx9 framework\d9framework - 26 more tidy up\d9framework\debug\model.obj
c:\users\vincent\desktop\directx9 framework\d9framework - 26 more tidy up\d9framework\debug\sphere.obj
c:\users\vincent\desktop\directx9 framework\d9framework - 26 more tidy up\d9framework\debug\timer.obj
c:\users\vincent\desktop\directx9 framework\d9framework - 26 more tidy up\d9framework\debug\vertex.obj
c:\users\vincent\desktop\directx9 framework\d9framework - 26 more tidy up\d9framework\debug\program.obj
c:\users\vincent\desktop\directx9 framework\d9framework - 26 more tidy up\d9framework\debug\main.obj
c:\users\vincent\desktop\directx9 framework\d9framework - 26 more tidy up\d9framework\debug\scene.obj
c:\users\vincent\desktop\directx9 framework\d9framework - 26 more tidy up\d9framework\debug\error.obj
c:\users\vincent\desktop\directx9 framework\d9framework - 26 more tidy up\d9framework\debug\quad.obj
c:\users\vincent\desktop\directx9 framework\d9framework - 27 trying things out\d9framework\debug\vc140.pdb
c:\users\vincent\desktop\directx9 framework\d9framework - 27 trying things out\d9framework\debug\vc140.idb
c:\users\vincent\desktop\directx9 framework\d9framework - 27 trying things out\d9framework\debug\aabb.obj
c:\users\vincent\desktop\directx9 framework\d9framework - 27 trying things out\d9framework\debug\basecamera.obj
c:\users\vincent\desktop\directx9 framework\d9framework - 27 trying things out\d9framework\debug\cameracontroller.obj
c:\users\vincent\desktop\directx9 framework\d9framework - 27 trying things out\d9framework\debug\error.obj
c:\users\vincent\desktop\directx9 framework\d9framework - 27 trying things out\d9framework\debug\frustum.obj
c:\users\vincent\desktop\directx9 framework\d9framework - 27 trying things out\d9framework\debug\gamestate.obj
c:\users\vincent\desktop\directx9 framework\d9framework - 27 trying things out\d9framework\debug\gamestatemanager.obj
c:\users\vincent\desktop\directx9 framework\d9framework - 27 trying things out\d9framework\debug\directxdevice.obj
c:\users\vincent\desktop\directx9 framework\d9framework - 27 trying things out\d9framework\debug\game.obj
c:\users\vincent\desktop\directx9 framework\d9framework - 27 trying things out\d9framework\debug\material.obj
c:\users\vincent\desktop\directx9 framework\d9framework - 27 trying things out\d9framework\debug\model.obj
c:\users\vincent\desktop\directx9 framework\d9framework - 27 trying things out\d9framework\debug\quad.obj
c:\users\vincent\desktop\directx9 framework\d9framework - 27 trying things out\d9framework\debug\scene.obj
c:\users\vincent\desktop\directx9 framework\d9framework - 27 trying things out\d9framework\debug\sphere.obj
c:\users\vincent\desktop\directx9 framework\d9framework - 27 trying things out\d9framework\debug\timer.obj
c:\users\vincent\desktop\directx9 framework\d9framework - 27 trying things out\d9framework\debug\vertex.obj
c:\users\vincent\desktop\directx9 framework\d9framework - 27 trying things out\d9framework\debug\program.obj
c:\users\vincent\desktop\directx9 framework\d9framework - 27 trying things out\d9framework\debug\main.obj
c:\users\vincent\desktop\exercises\d9framework - camera\d9framework\debug\vc140.pdb
c:\users\vincent\desktop\exercises\d9framework - camera\d9framework\debug\vc140.idb
c:\users\vincent\desktop\exercises\d9framework - camera\d9framework\debug\aabb.obj
c:\users\vincent\desktop\exercises\d9framework - camera\d9framework\debug\basecamera.obj
c:\users\vincent\desktop\exercises\d9framework - camera\d9framework\debug\cameracontroller.obj
c:\users\vincent\desktop\exercises\d9framework - camera\d9framework\debug\error.obj
c:\users\vincent\desktop\exercises\d9framework - camera\d9framework\debug\frustum.obj
c:\users\vincent\desktop\exercises\d9framework - camera\d9framework\debug\gamestate.obj
c:\users\vincent\desktop\exercises\d9framework - camera\d9framework\debug\gamestatemanager.obj
c:\users\vincent\desktop\exercises\d9framework - camera\d9framework\debug\directxdevice.obj
c:\users\vincent\desktop\exercises\d9framework - camera\d9framework\debug\game.obj
c:\users\vincent\desktop\exercises\d9framework - camera\d9framework\debug\inputmanager.obj
c:\users\vincent\desktop\exercises\d9framework - camera\d9framework\debug\material.obj
c:\users\vincent\desktop\exercises\d9framework - camera\d9framework\debug\model.obj
c:\users\vincent\desktop\exercises\d9framework - camera\d9framework\debug\quad.obj
c:\users\vincent\desktop\exercises\d9framework - camera\d9framework\debug\scene.obj
c:\users\vincent\desktop\exercises\d9framework - camera\d9framework\debug\sphere.obj
c:\users\vincent\desktop\exercises\d9framework - camera\d9framework\debug\timer.obj
c:\users\vincent\desktop\exercises\d9framework - camera\d9framework\debug\vertex.obj
c:\users\vincent\desktop\exercises\d9framework - camera\d9framework\debug\program.obj
c:\users\vincent\desktop\exercises\d9framework - camera\d9framework\debug\main.obj
c:\users\vincent\desktop\exercises\d9framework - camera\d9framework\debug\freecamera.obj
c:\users\vincent\desktop\directx9 framework\d9framework - 26 more tidy up\debug\d9framework.ilk
c:\users\vincent\desktop\directx9 framework\d9framework - 26 more tidy up\debug\d9framework.exe
c:\users\vincent\desktop\directx9 framework\d9framework - 26 more tidy up\debug\d9framework.pdb
c:\users\vincent\desktop\directx9 framework\d9framework - 27 trying things out\debug\d9framework.ilk
c:\users\vincent\desktop\directx9 framework\d9framework - 27 trying things out\debug\d9framework.exe
c:\users\vincent\desktop\directx9 framework\d9framework - 27 trying things out\debug\d9framework.pdb
c:\users\vincent\desktop\exercises\d9framework - camera\debug\d9framework.ilk
c:\users\vincent\desktop\exercises\d9framework - camera\debug\d9framework.exe
c:\users\vincent\desktop\exercises\d9framework - camera\debug\d9framework.pdb
c:\users\vincent\desktop\exercises\d9framework - camera\d9framework\debug\d9framework.tlog\cl.command.1.tlog
c:\users\vincent\desktop\exercises\d9framework - camera\d9framework\debug\d9framework.tlog\cl.read.1.tlog
c:\users\vincent\desktop\exercises\d9framework - camera\d9framework\debug\d9framework.tlog\cl.write.1.tlog
c:\users\vincent\desktop\exercises\d9framework - camera\d9framework\debug\d9framework.tlog\link.command.1.tlog
c:\users\vincent\desktop\exercises\d9framework - camera\d9framework\debug\d9framework.tlog\link.read.1.tlog
c:\users\vincent\desktop\exercises\d9framework - camera\d9framework\debug\d9framework.tlog\link.write.1.tlog
